17-05-22 15:07:57 [INFO] Logger started.
17-05-22 15:07:57 [INFO] Logging system initialized.
17-05-22 15:07:57 [INFO] Detected Minecraft version: 1.11.2
17-05-22 15:08:19 [INFO] McAccess set to: 1.11-1.11.2 / Spigot-CB-1.11_R1
17-05-22 15:08:19 [INFO] Added block-info for Minecraft 1.5 blocks.
17-05-22 15:08:19 [INFO] Added block-info for Minecraft 1.6.1 blocks.
17-05-22 15:08:19 [INFO] Added block-info for Minecraft 1.7.2 blocks.
17-05-22 15:08:19 [INFO] Added block-info for Minecraft 1.8 blocks.
17-05-22 15:08:19 [INFO] Added block-info for Minecraft 1.9 blocks.
17-05-22 15:08:19 [INFO] Added block-info for Minecraft 1.10 blocks.
17-05-22 15:08:19 [INFO] Added block-info for Minecraft 1.11 blocks.
17-05-22 15:08:19 [INFO] Inventory checks: FastConsume is available, disabled InstantEat.
17-05-22 15:08:19 [INFO] Packet level access: ProtocolLib is not available.
17-05-22 15:08:19 [INFO] Force disable FastHeal on Minecraft 1.9 and later.
17-05-22 15:08:19 [INFO] Version 3.15.1-RC-sMD5NET-b1084 is enabled.
17-05-22 15:09:25 [INFO] [GenericInstanceRegistry] Registered for fr.neatmonster.nocheatplus.stats.Counters: fr.neatmonster.nocheatplus.stats.Counters
17-05-22 15:09:25 [INFO] [GenericInstanceRegistry] Registered for fr.neatmonster.nocheatplus.checks.workaround.WRPT: fr.neatmonster.nocheatplus.checks.workaround.WRPT
17-05-22 15:09:25 [INFO] [GenericInstanceRegistry] Registered for fr.neatmonster.nocheatplus.checks.moving.location.tracking.LocationTrace$TraceEntryPool: fr.neatmonster.nocheatplus.checks.moving.location.tracking.LocationTrace$TraceEntryPool
17-05-22 15:09:25 [INFO] [GenericInstanceRegistry] Registered for fr.neatmonster.nocheatplus.utilities.entity.PassengerUtil: fr.neatmonster.nocheatplus.utilities.entity.PassengerUtil
17-05-22 15:09:25 [INFO] [GenericInstanceRegistry] Registered for java.util.Random: java.util.Random
17-05-22 15:09:25 [INFO] [GenericInstanceRegistry] Registered for fr.neatmonster.nocheatplus.compat.IBridgeCrossPlugin: fr.neatmonster.nocheatplus.compat.meta.BridgeCrossPlugin
17-05-22 15:09:25 [INFO] [GenericInstanceRegistry] Registered for fr.neatmonster.nocheatplus.compat.MCAccess: fr.neatmonster.nocheatplus.compat.cbdev.MCAccessCBDev
17-05-22 15:09:25 [INFO] [GenericInstanceRegistry] Registered for fr.neatmonster.nocheatplus.utilities.map.BlockCache: fr.neatmonster.nocheatplus.compat.cbdev.BlockCacheCBDev
17-05-22 15:09:25 [INFO] [GenericInstanceRegistry] Registered for fr.neatmonster.nocheatplus.components.modifier.IAttributeAccess: fr.neatmonster.nocheatplus.compat.cbdev.AttributeAccess
17-05-22 15:09:25 [INFO] [GenericInstanceRegistry] Registered for fr.neatmonster.nocheatplus.components.entity.IEntityAccessLastPositionAndLook: fr.neatmonster.nocheatplus.compat.cbdev.EntityAccessLastPositionAndLook
17-05-22 15:09:25 [INFO] [GenericInstanceRegistry] Registered for fr.neatmonster.nocheatplus.components.entity.IEntityAccessVehicle: fr.neatmonster.nocheatplus.compat.bukkit.EntityAccessVehicleMultiPassenger
17-05-22 15:09:25 [INFO] [GenericInstanceRegistry] Registered for fr.neatmonster.nocheatplus.checks.moving.util.AuxMoving: fr.neatmonster.nocheatplus.checks.moving.util.AuxMoving
17-05-22 15:09:25 [INFO] Added hook: AllViolations(NCP) [1.0].
17-05-22 15:09:25 [INFO] Post-enable running...
17-05-22 15:09:25 [INFO] Post-enable finished.
17-05-22 15:09:26 [INFO] ---- Version information ----
#### Server ####
git-Spigot-3fb9445-6e3cec8 ~MC: 1.11.2~
  detected: 1.11.2
#### NoCheatPlus ####
Plugin: 3.15.1-RC-sMD5NET-b1084
MCAccess: 1.11-1.11.2 / Spigot-CB-1.11_R1
Features:
  blocks: BlocksMC1_4 | BlocksMC1_5 | BlocksMC1_6_1 | BlocksMC1_7_2 | BlocksMC1_8 | BlocksMC1_9 | BlocksMC1_10 | BlocksMC1_11
  checks: FastConsume | Gutenberg | HotFixFallingBlockPortalEnter
  defaults: pvpKnockBackVelocity
Hooks: AllViolations~NCP~ 1.0
17-05-22 15:10:37 [INFO] Logger started.
17-05-22 15:10:37 [INFO] Logging system initialized.
17-05-22 15:10:37 [INFO] Detected Minecraft version: 1.11.2
17-05-22 15:10:47 [INFO] McAccess set to: 1.11-1.11.2 / Spigot-CB-1.11_R1
17-05-22 15:10:47 [INFO] Added block-info for Minecraft 1.5 blocks.
17-05-22 15:10:47 [INFO] Added block-info for Minecraft 1.6.1 blocks.
17-05-22 15:10:47 [INFO] Added block-info for Minecraft 1.7.2 blocks.
17-05-22 15:10:47 [INFO] Added block-info for Minecraft 1.8 blocks.
17-05-22 15:10:47 [INFO] Added block-info for Minecraft 1.9 blocks.
17-05-22 15:10:47 [INFO] Added block-info for Minecraft 1.10 blocks.
17-05-22 15:10:47 [INFO] Added block-info for Minecraft 1.11 blocks.
17-05-22 15:10:47 [INFO] Inventory checks: FastConsume is available, disabled InstantEat.
17-05-22 15:10:47 [INFO] Packet level access: ProtocolLib is not available.
17-05-22 15:10:47 [INFO] Force disable FastHeal on Minecraft 1.9 and later.
17-05-22 15:10:47 [INFO] Version 3.15.1-RC-sMD5NET-b1084 is enabled.
17-05-22 15:10:57 [INFO] [GenericInstanceRegistry] Registered for fr.neatmonster.nocheatplus.stats.Counters: fr.neatmonster.nocheatplus.stats.Counters
17-05-22 15:10:58 [INFO] [GenericInstanceRegistry] Registered for fr.neatmonster.nocheatplus.checks.workaround.WRPT: fr.neatmonster.nocheatplus.checks.workaround.WRPT
17-05-22 15:10:58 [INFO] [GenericInstanceRegistry] Registered for fr.neatmonster.nocheatplus.checks.moving.location.tracking.LocationTrace$TraceEntryPool: fr.neatmonster.nocheatplus.checks.moving.location.tracking.LocationTrace$TraceEntryPool
17-05-22 15:10:58 [INFO] [GenericInstanceRegistry] Registered for fr.neatmonster.nocheatplus.utilities.entity.PassengerUtil: fr.neatmonster.nocheatplus.utilities.entity.PassengerUtil
17-05-22 15:10:58 [INFO] [GenericInstanceRegistry] Registered for java.util.Random: java.util.Random
17-05-22 15:10:58 [INFO] [GenericInstanceRegistry] Registered for fr.neatmonster.nocheatplus.compat.IBridgeCrossPlugin: fr.neatmonster.nocheatplus.compat.meta.BridgeCrossPlugin
17-05-22 15:10:58 [INFO] [GenericInstanceRegistry] Registered for fr.neatmonster.nocheatplus.compat.MCAccess: fr.neatmonster.nocheatplus.compat.cbdev.MCAccessCBDev
17-05-22 15:10:58 [INFO] [GenericInstanceRegistry] Registered for fr.neatmonster.nocheatplus.utilities.map.BlockCache: fr.neatmonster.nocheatplus.compat.cbdev.BlockCacheCBDev
17-05-22 15:10:58 [INFO] [GenericInstanceRegistry] Registered for fr.neatmonster.nocheatplus.components.modifier.IAttributeAccess: fr.neatmonster.nocheatplus.compat.cbdev.AttributeAccess
17-05-22 15:10:58 [INFO] [GenericInstanceRegistry] Registered for fr.neatmonster.nocheatplus.components.entity.IEntityAccessLastPositionAndLook: fr.neatmonster.nocheatplus.compat.cbdev.EntityAccessLastPositionAndLook
17-05-22 15:10:58 [INFO] [GenericInstanceRegistry] Registered for fr.neatmonster.nocheatplus.components.entity.IEntityAccessVehicle: fr.neatmonster.nocheatplus.compat.bukkit.EntityAccessVehicleMultiPassenger
17-05-22 15:10:58 [INFO] [GenericInstanceRegistry] Registered for fr.neatmonster.nocheatplus.checks.moving.util.AuxMoving: fr.neatmonster.nocheatplus.checks.moving.util.AuxMoving
17-05-22 15:10:58 [INFO] Added hook: AllViolations(NCP) [1.0].
17-05-22 15:10:58 [INFO] Post-enable running...
17-05-22 15:10:58 [INFO] Post-enable finished.
17-05-22 15:10:58 [INFO] ---- Version information ----
#### Server ####
git-Spigot-3fb9445-6e3cec8 ~MC: 1.11.2~
  detected: 1.11.2
#### NoCheatPlus ####
Plugin: 3.15.1-RC-sMD5NET-b1084
MCAccess: 1.11-1.11.2 / Spigot-CB-1.11_R1
Features:
  blocks: BlocksMC1_4 | BlocksMC1_5 | BlocksMC1_6_1 | BlocksMC1_7_2 | BlocksMC1_8 | BlocksMC1_9 | BlocksMC1_10 | BlocksMC1_11
  checks: FastConsume | Gutenberg | HotFixFallingBlockPortalEnter
  defaults: pvpKnockBackVelocity
Hooks: AllViolations~NCP~ 1.0
17-05-22 15:11:06 [INFO] Removed hook: AllViolations(NCP) [1.0].
17-05-22 15:11:06 [FINE] | canceldead 0 | illegalitem 0 | boatsanywhere 0 | throwenderpearl 0 | fakeinvulnerable 0 | eggonentity 0 | event.player.move.handled 0 | event.player.move.handled.pos 0 | event.player.move.handled.look 0 | event.player.move.handled.pos_look 0 |
17-05-22 15:11:06 [INFO] [GenericInstanceRegistry] Registry cleared.
17-05-22 15:11:25 [INFO] Logger started.
17-05-22 15:11:25 [INFO] Logging system initialized.
17-05-22 15:11:25 [INFO] Detected Minecraft version: 1.11.2
17-05-22 15:11:30 [INFO] McAccess set to: 1.11-1.11.2 / Spigot-CB-1.11_R1
17-05-22 15:11:30 [INFO] Added block-info for Minecraft 1.5 blocks.
17-05-22 15:11:30 [INFO] Added block-info for Minecraft 1.6.1 blocks.
17-05-22 15:11:30 [INFO] Added block-info for Minecraft 1.7.2 blocks.
17-05-22 15:11:30 [INFO] Added block-info for Minecraft 1.8 blocks.
17-05-22 15:11:30 [INFO] Added block-info for Minecraft 1.9 blocks.
17-05-22 15:11:30 [INFO] Added block-info for Minecraft 1.10 blocks.
17-05-22 15:11:30 [INFO] Added block-info for Minecraft 1.11 blocks.
17-05-22 15:11:30 [INFO] Inventory checks: FastConsume is available, disabled InstantEat.
17-05-22 15:11:30 [INFO] Packet level access: ProtocolLib is not available.
17-05-22 15:11:30 [INFO] Force disable FastHeal on Minecraft 1.9 and later.
17-05-22 15:11:30 [INFO] Version 3.15.1-RC-sMD5NET-b1084 is enabled.
17-05-22 15:11:39 [INFO] [GenericInstanceRegistry] Registered for fr.neatmonster.nocheatplus.stats.Counters: fr.neatmonster.nocheatplus.stats.Counters
17-05-22 15:11:39 [INFO] [GenericInstanceRegistry] Registered for fr.neatmonster.nocheatplus.checks.workaround.WRPT: fr.neatmonster.nocheatplus.checks.workaround.WRPT
17-05-22 15:11:39 [INFO] [GenericInstanceRegistry] Registered for fr.neatmonster.nocheatplus.checks.moving.location.tracking.LocationTrace$TraceEntryPool: fr.neatmonster.nocheatplus.checks.moving.location.tracking.LocationTrace$TraceEntryPool
17-05-22 15:11:39 [INFO] [GenericInstanceRegistry] Registered for fr.neatmonster.nocheatplus.utilities.entity.PassengerUtil: fr.neatmonster.nocheatplus.utilities.entity.PassengerUtil
17-05-22 15:11:39 [INFO] [GenericInstanceRegistry] Registered for java.util.Random: java.util.Random
17-05-22 15:11:39 [INFO] [GenericInstanceRegistry] Registered for fr.neatmonster.nocheatplus.compat.IBridgeCrossPlugin: fr.neatmonster.nocheatplus.compat.meta.BridgeCrossPlugin
17-05-22 15:11:39 [INFO] [GenericInstanceRegistry] Registered for fr.neatmonster.nocheatplus.compat.MCAccess: fr.neatmonster.nocheatplus.compat.cbdev.MCAccessCBDev
17-05-22 15:11:39 [INFO] [GenericInstanceRegistry] Registered for fr.neatmonster.nocheatplus.utilities.map.BlockCache: fr.neatmonster.nocheatplus.compat.cbdev.BlockCacheCBDev
17-05-22 15:11:39 [INFO] [GenericInstanceRegistry] Registered for fr.neatmonster.nocheatplus.components.modifier.IAttributeAccess: fr.neatmonster.nocheatplus.compat.cbdev.AttributeAccess
17-05-22 15:11:39 [INFO] [GenericInstanceRegistry] Registered for fr.neatmonster.nocheatplus.components.entity.IEntityAccessLastPositionAndLook: fr.neatmonster.nocheatplus.compat.cbdev.EntityAccessLastPositionAndLook
17-05-22 15:11:39 [INFO] [GenericInstanceRegistry] Registered for fr.neatmonster.nocheatplus.components.entity.IEntityAccessVehicle: fr.neatmonster.nocheatplus.compat.bukkit.EntityAccessVehicleMultiPassenger
17-05-22 15:11:39 [INFO] [GenericInstanceRegistry] Registered for fr.neatmonster.nocheatplus.checks.moving.util.AuxMoving: fr.neatmonster.nocheatplus.checks.moving.util.AuxMoving
17-05-22 15:11:39 [INFO] Added hook: AllViolations(NCP) [1.0].
17-05-22 15:11:39 [INFO] Post-enable running...
17-05-22 15:11:40 [INFO] Post-enable finished.
17-05-22 15:11:40 [INFO] ---- Version information ----
#### Server ####
git-Spigot-3fb9445-6e3cec8 ~MC: 1.11.2~
  detected: 1.11.2
#### NoCheatPlus ####
Plugin: 3.15.1-RC-sMD5NET-b1084
MCAccess: 1.11-1.11.2 / Spigot-CB-1.11_R1
Features:
  blocks: BlocksMC1_4 | BlocksMC1_5 | BlocksMC1_6_1 | BlocksMC1_7_2 | BlocksMC1_8 | BlocksMC1_9 | BlocksMC1_10 | BlocksMC1_11
  checks: FastConsume | Gutenberg | HotFixFallingBlockPortalEnter
  defaults: pvpKnockBackVelocity
Hooks: AllViolations~NCP~ 1.0
17-05-22 15:13:52 [INFO] Logger started.
17-05-22 15:13:52 [INFO] Logging system initialized.
17-05-22 15:13:52 [INFO] Detected Minecraft version: 1.11.2
17-05-22 15:13:56 [INFO] McAccess set to: 1.11-1.11.2 / Spigot-CB-1.11_R1
17-05-22 15:13:56 [INFO] Added block-info for Minecraft 1.5 blocks.
17-05-22 15:13:56 [INFO] Added block-info for Minecraft 1.6.1 blocks.
17-05-22 15:13:56 [INFO] Added block-info for Minecraft 1.7.2 blocks.
17-05-22 15:13:56 [INFO] Added block-info for Minecraft 1.8 blocks.
17-05-22 15:13:56 [INFO] Added block-info for Minecraft 1.9 blocks.
17-05-22 15:13:56 [INFO] Added block-info for Minecraft 1.10 blocks.
17-05-22 15:13:56 [INFO] Added block-info for Minecraft 1.11 blocks.
17-05-22 15:13:57 [INFO] Inventory checks: FastConsume is available, disabled InstantEat.
17-05-22 15:13:57 [INFO] Packet level access: ProtocolLib is not available.
17-05-22 15:13:57 [INFO] Force disable FastHeal on Minecraft 1.9 and later.
17-05-22 15:13:57 [INFO] Version 3.15.1-RC-sMD5NET-b1084 is enabled.
17-05-22 15:14:08 [INFO] [GenericInstanceRegistry] Registered for fr.neatmonster.nocheatplus.stats.Counters: fr.neatmonster.nocheatplus.stats.Counters
17-05-22 15:14:08 [INFO] [GenericInstanceRegistry] Registered for fr.neatmonster.nocheatplus.checks.workaround.WRPT: fr.neatmonster.nocheatplus.checks.workaround.WRPT
17-05-22 15:14:08 [INFO] [GenericInstanceRegistry] Registered for fr.neatmonster.nocheatplus.checks.moving.location.tracking.LocationTrace$TraceEntryPool: fr.neatmonster.nocheatplus.checks.moving.location.tracking.LocationTrace$TraceEntryPool
17-05-22 15:14:08 [INFO] [GenericInstanceRegistry] Registered for fr.neatmonster.nocheatplus.utilities.entity.PassengerUtil: fr.neatmonster.nocheatplus.utilities.entity.PassengerUtil
17-05-22 15:14:08 [INFO] [GenericInstanceRegistry] Registered for java.util.Random: java.util.Random
17-05-22 15:14:08 [INFO] [GenericInstanceRegistry] Registered for fr.neatmonster.nocheatplus.compat.IBridgeCrossPlugin: fr.neatmonster.nocheatplus.compat.meta.BridgeCrossPlugin
17-05-22 15:14:08 [INFO] [GenericInstanceRegistry] Registered for fr.neatmonster.nocheatplus.compat.MCAccess: fr.neatmonster.nocheatplus.compat.cbdev.MCAccessCBDev
17-05-22 15:14:08 [INFO] [GenericInstanceRegistry] Registered for fr.neatmonster.nocheatplus.utilities.map.BlockCache: fr.neatmonster.nocheatplus.compat.cbdev.BlockCacheCBDev
17-05-22 15:14:08 [INFO] [GenericInstanceRegistry] Registered for fr.neatmonster.nocheatplus.components.modifier.IAttributeAccess: fr.neatmonster.nocheatplus.compat.cbdev.AttributeAccess
17-05-22 15:14:08 [INFO] [GenericInstanceRegistry] Registered for fr.neatmonster.nocheatplus.components.entity.IEntityAccessLastPositionAndLook: fr.neatmonster.nocheatplus.compat.cbdev.EntityAccessLastPositionAndLook
17-05-22 15:14:08 [INFO] [GenericInstanceRegistry] Registered for fr.neatmonster.nocheatplus.components.entity.IEntityAccessVehicle: fr.neatmonster.nocheatplus.compat.bukkit.EntityAccessVehicleMultiPassenger
17-05-22 15:14:08 [INFO] [GenericInstanceRegistry] Registered for fr.neatmonster.nocheatplus.checks.moving.util.AuxMoving: fr.neatmonster.nocheatplus.checks.moving.util.AuxMoving
17-05-22 15:14:08 [INFO] Added hook: AllViolations(NCP) [1.0].
17-05-22 15:14:08 [INFO] Post-enable running...
17-05-22 15:14:08 [INFO] Post-enable finished.
17-05-22 15:14:09 [INFO] ---- Version information ----
#### Server ####
git-Spigot-3fb9445-6e3cec8 ~MC: 1.11.2~
  detected: 1.11.2
#### NoCheatPlus ####
Plugin: 3.15.1-RC-sMD5NET-b1084
MCAccess: 1.11-1.11.2 / Spigot-CB-1.11_R1
Features:
  blocks: BlocksMC1_4 | BlocksMC1_5 | BlocksMC1_6_1 | BlocksMC1_7_2 | BlocksMC1_8 | BlocksMC1_9 | BlocksMC1_10 | BlocksMC1_11
  checks: FastConsume | Gutenberg | HotFixFallingBlockPortalEnter
  defaults: pvpKnockBackVelocity
Hooks: AllViolations~NCP~ 1.0
17-05-22 15:14:42 [INFO] Removed hook: AllViolations(NCP) [1.0].
17-05-22 15:14:42 [FINE] | canceldead 0 | illegalitem 0 | boatsanywhere 0 | throwenderpearl 0 | fakeinvulnerable 0 | eggonentity 0 | event.player.move.handled 0 | event.player.move.handled.pos 0 | event.player.move.handled.look 0 | event.player.move.handled.pos_look 0 |
17-05-22 15:14:42 [INFO] [GenericInstanceRegistry] Registry cleared.
17-05-22 15:15:24 [INFO] Logger started.
17-05-22 15:15:25 [INFO] Logging system initialized.
17-05-22 15:15:25 [INFO] Detected Minecraft version: 1.11.2
17-05-22 15:15:30 [INFO] McAccess set to: 1.11-1.11.2 / Spigot-CB-1.11_R1
17-05-22 15:15:30 [INFO] Added block-info for Minecraft 1.5 blocks.
17-05-22 15:15:30 [INFO] Added block-info for Minecraft 1.6.1 blocks.
17-05-22 15:15:30 [INFO] Added block-info for Minecraft 1.7.2 blocks.
17-05-22 15:15:30 [INFO] Added block-info for Minecraft 1.8 blocks.
17-05-22 15:15:30 [INFO] Added block-info for Minecraft 1.9 blocks.
17-05-22 15:15:30 [INFO] Added block-info for Minecraft 1.10 blocks.
17-05-22 15:15:30 [INFO] Added block-info for Minecraft 1.11 blocks.
17-05-22 15:15:30 [INFO] Inventory checks: FastConsume is available, disabled InstantEat.
17-05-22 15:15:30 [INFO] Packet level access: ProtocolLib is not available.
17-05-22 15:15:31 [INFO] Force disable FastHeal on Minecraft 1.9 and later.
17-05-22 15:15:31 [INFO] Version 3.15.1-RC-sMD5NET-b1084 is enabled.
17-05-22 15:15:40 [INFO] [GenericInstanceRegistry] Registered for fr.neatmonster.nocheatplus.stats.Counters: fr.neatmonster.nocheatplus.stats.Counters
17-05-22 15:15:40 [INFO] [GenericInstanceRegistry] Registered for fr.neatmonster.nocheatplus.checks.workaround.WRPT: fr.neatmonster.nocheatplus.checks.workaround.WRPT
17-05-22 15:15:40 [INFO] [GenericInstanceRegistry] Registered for fr.neatmonster.nocheatplus.checks.moving.location.tracking.LocationTrace$TraceEntryPool: fr.neatmonster.nocheatplus.checks.moving.location.tracking.LocationTrace$TraceEntryPool
17-05-22 15:15:40 [INFO] [GenericInstanceRegistry] Registered for fr.neatmonster.nocheatplus.utilities.entity.PassengerUtil: fr.neatmonster.nocheatplus.utilities.entity.PassengerUtil
17-05-22 15:15:40 [INFO] [GenericInstanceRegistry] Registered for java.util.Random: java.util.Random
17-05-22 15:15:40 [INFO] [GenericInstanceRegistry] Registered for fr.neatmonster.nocheatplus.compat.IBridgeCrossPlugin: fr.neatmonster.nocheatplus.compat.meta.BridgeCrossPlugin
17-05-22 15:15:40 [INFO] [GenericInstanceRegistry] Registered for fr.neatmonster.nocheatplus.compat.MCAccess: fr.neatmonster.nocheatplus.compat.cbdev.MCAccessCBDev
17-05-22 15:15:40 [INFO] [GenericInstanceRegistry] Registered for fr.neatmonster.nocheatplus.utilities.map.BlockCache: fr.neatmonster.nocheatplus.compat.cbdev.BlockCacheCBDev
17-05-22 15:15:40 [INFO] [GenericInstanceRegistry] Registered for fr.neatmonster.nocheatplus.components.modifier.IAttributeAccess: fr.neatmonster.nocheatplus.compat.cbdev.AttributeAccess
17-05-22 15:15:40 [INFO] [GenericInstanceRegistry] Registered for fr.neatmonster.nocheatplus.components.entity.IEntityAccessLastPositionAndLook: fr.neatmonster.nocheatplus.compat.cbdev.EntityAccessLastPositionAndLook
17-05-22 15:15:40 [INFO] [GenericInstanceRegistry] Registered for fr.neatmonster.nocheatplus.components.entity.IEntityAccessVehicle: fr.neatmonster.nocheatplus.compat.bukkit.EntityAccessVehicleMultiPassenger
17-05-22 15:15:40 [INFO] [GenericInstanceRegistry] Registered for fr.neatmonster.nocheatplus.checks.moving.util.AuxMoving: fr.neatmonster.nocheatplus.checks.moving.util.AuxMoving
17-05-22 15:15:40 [INFO] Added hook: AllViolations(NCP) [1.0].
17-05-22 15:15:40 [INFO] Post-enable running...
17-05-22 15:15:40 [INFO] Post-enable finished.
17-05-22 15:15:41 [INFO] ---- Version information ----
#### Server ####
git-Spigot-3fb9445-6e3cec8 ~MC: 1.11.2~
  detected: 1.11.2
#### NoCheatPlus ####
Plugin: 3.15.1-RC-sMD5NET-b1084
MCAccess: 1.11-1.11.2 / Spigot-CB-1.11_R1
Features:
  blocks: BlocksMC1_4 | BlocksMC1_5 | BlocksMC1_6_1 | BlocksMC1_7_2 | BlocksMC1_8 | BlocksMC1_9 | BlocksMC1_10 | BlocksMC1_11
  checks: FastConsume | Gutenberg | HotFixFallingBlockPortalEnter
  defaults: pvpKnockBackVelocity
Hooks: AllViolations~NCP~ 1.0
17-05-22 15:16:51 [INFO] Removed hook: AllViolations(NCP) [1.0].
17-05-22 15:16:51 [FINE] | canceldead 0 | illegalitem 0 | boatsanywhere 0 | throwenderpearl 0 | fakeinvulnerable 0 | eggonentity 0 | event.player.move.handled 0 | event.player.move.handled.pos 0 | event.player.move.handled.look 0 | event.player.move.handled.pos_look 0 |
17-05-22 15:16:51 [INFO] [GenericInstanceRegistry] Registry cleared.
17-05-22 15:17:50 [INFO] Logger started.
17-05-22 15:17:50 [INFO] Logging system initialized.
17-05-22 15:17:50 [INFO] Detected Minecraft version: 1.11.2
17-05-22 15:18:05 [INFO] McAccess set to: 1.11-1.11.2 / Spigot-CB-1.11_R1
17-05-22 15:18:06 [INFO] Added block-info for Minecraft 1.5 blocks.
17-05-22 15:18:06 [INFO] Added block-info for Minecraft 1.6.1 blocks.
17-05-22 15:18:06 [INFO] Added block-info for Minecraft 1.7.2 blocks.
17-05-22 15:18:06 [INFO] Added block-info for Minecraft 1.8 blocks.
17-05-22 15:18:06 [INFO] Added block-info for Minecraft 1.9 blocks.
17-05-22 15:18:06 [INFO] Added block-info for Minecraft 1.10 blocks.
17-05-22 15:18:06 [INFO] Added block-info for Minecraft 1.11 blocks.
17-05-22 15:18:06 [INFO] Inventory checks: FastConsume is available, disabled InstantEat.
17-05-22 15:18:06 [INFO] Adding packet level hooks for ProtocolLib (MC 1.11.2)...
17-05-22 15:18:06 [INFO] Available (and activated) packet level hooks: UseEntityAdapter | MovingFlying | OutgoingPosition | KeepAliveAdapter | SoundDistance
17-05-22 15:18:06 [INFO] Force disable FastHeal on Minecraft 1.9 and later.
17-05-22 15:18:06 [INFO] Version 3.15.1-RC-sMD5NET-b1084 is enabled.
17-05-22 15:18:13 [INFO] [GenericInstanceRegistry] Registered for fr.neatmonster.nocheatplus.stats.Counters: fr.neatmonster.nocheatplus.stats.Counters
17-05-22 15:18:13 [INFO] [GenericInstanceRegistry] Registered for fr.neatmonster.nocheatplus.checks.workaround.WRPT: fr.neatmonster.nocheatplus.checks.workaround.WRPT
17-05-22 15:18:13 [INFO] [GenericInstanceRegistry] Registered for fr.neatmonster.nocheatplus.checks.moving.location.tracking.LocationTrace$TraceEntryPool: fr.neatmonster.nocheatplus.checks.moving.location.tracking.LocationTrace$TraceEntryPool
17-05-22 15:18:13 [INFO] [GenericInstanceRegistry] Registered for fr.neatmonster.nocheatplus.utilities.entity.PassengerUtil: fr.neatmonster.nocheatplus.utilities.entity.PassengerUtil
17-05-22 15:18:13 [INFO] [GenericInstanceRegistry] Registered for java.util.Random: java.util.Random
17-05-22 15:18:13 [INFO] [GenericInstanceRegistry] Registered for fr.neatmonster.nocheatplus.compat.IBridgeCrossPlugin: fr.neatmonster.nocheatplus.compat.meta.BridgeCrossPlugin
17-05-22 15:18:13 [INFO] [GenericInstanceRegistry] Registered for fr.neatmonster.nocheatplus.compat.MCAccess: fr.neatmonster.nocheatplus.compat.cbdev.MCAccessCBDev
17-05-22 15:18:13 [INFO] [GenericInstanceRegistry] Registered for fr.neatmonster.nocheatplus.utilities.map.BlockCache: fr.neatmonster.nocheatplus.compat.cbdev.BlockCacheCBDev
17-05-22 15:18:13 [INFO] [GenericInstanceRegistry] Registered for fr.neatmonster.nocheatplus.components.modifier.IAttributeAccess: fr.neatmonster.nocheatplus.compat.cbdev.AttributeAccess
17-05-22 15:18:13 [INFO] [GenericInstanceRegistry] Registered for fr.neatmonster.nocheatplus.components.entity.IEntityAccessLastPositionAndLook: fr.neatmonster.nocheatplus.compat.cbdev.EntityAccessLastPositionAndLook
17-05-22 15:18:13 [INFO] [GenericInstanceRegistry] Registered for fr.neatmonster.nocheatplus.components.entity.IEntityAccessVehicle: fr.neatmonster.nocheatplus.compat.bukkit.EntityAccessVehicleMultiPassenger
17-05-22 15:18:13 [INFO] [GenericInstanceRegistry] Registered for fr.neatmonster.nocheatplus.checks.moving.util.AuxMoving: fr.neatmonster.nocheatplus.checks.moving.util.AuxMoving
17-05-22 15:18:13 [INFO] Added hook: AllViolations(NCP) [1.0].
17-05-22 15:18:14 [INFO] Post-enable running...
17-05-22 15:18:14 [INFO] Post-enable finished.
17-05-22 15:18:14 [INFO] ---- Version information ----
#### Server ####
git-Spigot-3fb9445-6e3cec8 ~MC: 1.11.2~
  detected: 1.11.2
#### NoCheatPlus ####
Plugin: 3.15.1-RC-sMD5NET-b1084
MCAccess: 1.11-1.11.2 / Spigot-CB-1.11_R1
Features:
  blocks: BlocksMC1_4 | BlocksMC1_5 | BlocksMC1_6_1 | BlocksMC1_7_2 | BlocksMC1_8 | BlocksMC1_9 | BlocksMC1_10 | BlocksMC1_11
  checks: FastConsume | Gutenberg | HotFixFallingBlockPortalEnter | AttackFrequency | FlyingFrequency | KeepAliveFrequency
  defaults: pvpKnockBackVelocity
  packet-listeners: UseEntityAdapter | MovingFlying | OutgoingPosition | KeepAliveAdapter | SoundDistance
Hooks: AllViolations~NCP~ 1.0
#### Related Plugins ####
ProtocolLib v4.2.1
